Log file open, 01/25/19 23:32:50
LogWindows: Failed to load 'aqProf.dll' (GetLastError=126)
LogWindows: File 'aqProf.dll' does not exist
LogWindows: Failed to load 'VtuneApi.dll' (GetLastError=126)
LogWindows: File 'VtuneApi.dll' does not exist
LogWindows: Failed to load 'VtuneApi32e.dll' (GetLastError=126)
LogWindows: File 'VtuneApi32e.dll' does not exist
LogConsoleResponse: Display: Failed to find resolution value strings in scalability ini. Falling back to default.
LogInit: Display: Running engine for game: TheValley
LogPakFile: Registered encryption key '00000000000000000000000000000000': 0 pak files mounted, 0 remain pending
LogPlatformFile: Not using cached read wrapper
LogTaskGraph: Started task graph with 5 named threads and 14 total threads with 3 sets of task threads.
LogStats: Stats thread started at 0.711919
LogD3D11RHI: Loaded GFSDK_Aftermath_Lib.x64.dll
LogICUInternationalization: ICU TimeZone Detection - Raw Offset: +1:00, Platform Override: ''
LogPluginManager: Mounting plugin Paper2D
LogPluginManager: Mounting plugin AISupport
LogPluginManager: Mounting plugin LightPropagationVolume
LogPluginManager: Mounting plugin ActorLayerUtilities
LogPluginManager: Mounting plugin CLionSourceCodeAccess
LogPluginManager: Mounting plugin CodeLiteSourceCodeAccess
LogPluginManager: Mounting plugin GitSourceControl
LogPluginManager: Mounting plugin KDevelopSourceCodeAccess
LogPluginManager: Mounting plugin NullSourceCodeAccess
LogPluginManager: Mounting plugin PerforceSourceControl
LogPluginManager: Mounting plugin SubversionSourceControl
LogPluginManager: Mounting plugin UObjectPlugin
LogPluginManager: Mounting plugin VisualStudioCodeSourceCodeAccess
LogPluginManager: Mounting plugin VisualStudioSourceCodeAccess
LogPluginManager: Mounting plugin XCodeSourceCodeAccess
LogPluginManager: Mounting plugin AssetManagerEditor
LogPluginManager: Mounting plugin CryptoKeys
LogPluginManager: Mounting plugin DataValidation
LogPluginManager: Mounting plugin FacialAnimation
LogPluginManager: Mounting plugin GameplayTagsEditor
LogPluginManager: Mounting plugin MacGraphicsSwitching
LogPluginManager: Mounting plugin MeshEditor
LogPluginManager: Mounting plugin MobileLauncherProfileWizard
LogPluginManager: Mounting plugin PluginBrowser
LogPluginManager: Mounting plugin SpeedTreeImporter
LogPluginManager: Mounting plugin DatasmithContent
LogPluginManager: Mounting plugin VariantManagerContent
LogPluginManager: Mounting plugin AlembicImporter
LogPluginManager: Mounting plugin AppleImageUtils
LogPluginManager: Mounting plugin AppleVision
LogPluginManager: Mounting plugin BackChannel
LogPluginManager: Mounting plugin CharacterAI
LogPluginManager: Mounting plugin GeometryCache
LogPluginManager: Mounting plugin HTML5Networking
LogPluginManager: Mounting plugin ProxyLODPlugin
LogPluginManager: Mounting plugin MagicLeap
LogPluginManager: Mounting plugin MagicLeapMedia
LogPluginManager: Mounting plugin AndroidMedia
LogPluginManager: Mounting plugin AvfMedia
LogPluginManager: Mounting plugin ImgMedia
LogPluginManager: Mounting plugin LinearTimecode
LogPluginManager: Mounting plugin MediaCompositing
LogPluginManager: Mounting plugin MediaPlayerEditor
LogPluginManager: Mounting plugin WebMMedia
LogPluginManager: Mounting plugin WmfMedia
LogPluginManager: Mounting plugin TcpMessaging
LogPluginManager: Mounting plugin UdpMessaging
LogPluginManager: Mounting plugin ActorSequence
LogPluginManager: Mounting plugin LevelSequenceEditor
LogPluginManager: Mounting plugin MatineeToLevelSequence
LogPluginManager: Mounting plugin NetcodeUnitTest
LogPluginManager: Mounting plugin NUTUnrealEngine4
LogPluginManager: Mounting plugin OnlineSubsystemGooglePlay
LogPluginManager: Mounting plugin OnlineSubsystemIOS
LogPluginManager: Mounting plugin OnlineSubsystem
LogPluginManager: Mounting plugin OnlineSubsystemNull
LogPluginManager: Mounting plugin OnlineSubsystemUtils
LogPluginManager: Mounting plugin LauncherChunkInstaller
LogPluginManager: Mounting plugin AndroidDeviceProfileSelector
LogPluginManager: Mounting plugin AndroidMoviePlayer
LogPluginManager: Mounting plugin AndroidPermission
LogPluginManager: Mounting plugin AppleMoviePlayer
LogPluginManager: Mounting plugin ArchVisCharacter
LogPluginManager: Mounting plugin AudioCapture
LogPluginManager: Mounting plugin CableComponent
LogPluginManager: Mounting plugin CustomMeshComponent
LogPluginManager: Mounting plugin EditableMesh
LogPluginManager: Mounting plugin ExampleDeviceProfileSelector
LogPluginManager: Mounting plugin Firebase
LogPluginManager: Mounting plugin GoogleCloudMessaging
LogPluginManager: Mounting plugin IOSDeviceProfileSelector
LogPluginManager: Mounting plugin LinuxDeviceProfileSelector
LogPluginManager: Mounting plugin LocationServicesBPLibrary
LogPluginManager: Mounting plugin MobilePatchingUtils
LogPluginManager: Mounting plugin OculusVR
LogPluginManager: Mounting plugin PhysXVehicles
LogPluginManager: Mounting plugin ProceduralMeshComponent
LogPluginManager: Mounting plugin RuntimePhysXCooking
LogPluginManager: Mounting plugin SteamVR
LogPluginManager: Mounting plugin WebMMoviePlayer
LogPluginManager: Mounting plugin WindowsMoviePlayer
LogStreaming: Display: Took  0.142s to configure plugins.
LogInit: Using libcurl 7.55.1-DEV
LogInit:  - built for x86_64-pc-win32
LogInit:  - supports SSL with OpenSSL/1.0.2h
LogInit:  - supports HTTP deflate (compression) using libz 1.2.8
LogInit:  - other features:
LogInit:      CURL_VERSION_SSL
LogInit:      CURL_VERSION_LIBZ
LogInit:      CURL_VERSION_IPV6
LogInit:      CURL_VERSION_ASYNCHDNS
LogInit:      CURL_VERSION_LARGEFILE
LogInit:      CURL_VERSION_IDN
LogInit:  CurlRequestOptions (configurable via config and command line):
LogInit:  - bVerifyPeer = true  - Libcurl will verify peer certificate
LogInit:  - bUseHttpProxy = false  - Libcurl will NOT use HTTP proxy
LogInit:  - bDontReuseConnections = false  - Libcurl will reuse connections
LogInit:  - MaxHostConnections = 16  - Libcurl will limit the number of connections to a host
LogInit:  - LocalHostAddr = Default
LogInit:  - BufferSize = 65536
LogInit: WinSock: version 1.1 (2.2), MaxSocks=32767, MaxUdp=65467
LogInit: Build: ++UE4+Release-4.21-CL-4753647
LogInit: Engine Version: 4.21.2-4753647+++UE4+Release-4.21
LogInit: Compatible Engine Version: 4.21.0-4541578+++UE4+Release-4.21
LogInit: Net CL: 4541578
LogInit: OS: Windows 7 (Service Pack 1), CPU: AMD Phenom(tm) II X4 955 Processor, GPU: Radeon (TM) RX 480 Graphics
LogInit: Compiled (64-bit): Jan 19 2019 02:07:31
LogInit: Compiled with Visual C++: 19.13.26129.00
LogInit: Build Configuration: Development
LogInit: Branch Name: ++UE4+Release-4.21
LogInit: Command Line: 
LogInit: Base Directory: F:/Program Files (x86)/UE_4.21/Engine/Binaries/Win64/
LogInit: Installed Engine Build: 1
LogDevObjectVersion: Number of dev versions registered: 22
LogDevObjectVersion:   Dev-Blueprints (B0D832E4-1F89-4F0D-ACCF-7EB736FD4AA2): 10
LogDevObjectVersion:   Dev-Build (E1C64328-A22C-4D53-A36C-8E866417BD8C): 0
LogDevObjectVersion:   Dev-Core (375EC13C-06E4-48FB-B500-84F0262A717E): 2
LogDevObjectVersion:   Dev-Editor (E4B068ED-F494-42E9-A231-DA0B2E46BB41): 26
LogDevObjectVersion:   Dev-Framework (CFFC743F-43B0-4480-9391-14DF171D2073): 34
LogDevObjectVersion:   Dev-Mobile (B02B49B5-BB20-44E9-A304-32B752E40360): 2
LogDevObjectVersion:   Dev-Networking (A4E4105C-59A1-49B5-A7C5-40C4547EDFEE): 0
LogDevObjectVersion:   Dev-Online (39C831C9-5AE6-47DC-9A44-9C173E1C8E7C): 0
LogDevObjectVersion:   Dev-Physics (78F01B33-EBEA-4F98-B9B4-84EACCB95AA2): 0
LogDevObjectVersion:   Dev-Platform (6631380F-2D4D-43E0-8009-CF276956A95A): 0
LogDevObjectVersion:   Dev-Rendering (12F88B9F-8875-4AFC-A67C-D90C383ABD29): 27
LogDevObjectVersion:   Dev-Sequencer (7B5AE74C-D270-4C10-A958-57980B212A5A): 9
LogDevObjectVersion:   Dev-VR (D7296918-1DD6-4BDD-9DE2-64A83CC13884): 2
LogDevObjectVersion:   Dev-LoadTimes (C2A15278-BFE7-4AFE-6C17-90FF531DF755): 1
LogDevObjectVersion:   Private-Geometry (6EACA3D4-40EC-4CC1-B786-8BED09428FC5): 3
LogDevObjectVersion:   Dev-AnimPhys (29E575DD-E0A3-4627-9D10-D276232CDCEA): 17
LogDevObjectVersion:   Dev-Anim (AF43A65D-7FD3-4947-9873-3E8ED9C1BB05): 2
LogDevObjectVersion:   Dev-ReflectionCapture (6B266CEC-1EC7-4B8F-A30B-E4D90942FC07): 1
LogDevObjectVersion:   Dev-Automation (0DF73D61-A23F-47EA-B727-89E90C41499A): 1
LogDevObjectVersion:   FortniteMain (601D1886-AC64-4F84-AA16-D3DE0DEAC7D6): 17
LogDevObjectVersion:   Dev-Enterprise (9DFFBCD6-494F-0158-E221-12823C92A888): 4
LogDevObjectVersion:   Dev-Niagara (F2AED0AC-9AFE-416F-8664-AA7FFA26D6FC): 1
LogStreaming: Display: Took  0.000s to delete old logs.
LogInit: Presizing for max 8388607 objects, including 0 objects not considered by GC, pre-allocating 0 bytes for permanent pool.
LogInit: Object subsystem initialized
LogConfig: Setting CVar [[con.DebugEarlyDefault:1]]
LogConfig: Setting CVar [[r.setres:1280x720]]
[2019.01.25-22.32.50:970][  0]LogConfig: Setting CVar [[r.VSync:0]]
[2019.01.25-22.32.50:970][  0]LogConfig: Setting CVar [[r.RHICmdBypass:0]]
[2019.01.25-22.32.50:970][  0]LogConfig: Applying CVar settings from Section [/Script/Engine.RendererSettings] File [H:/GJ/GitHub/TheValley/Saved/Config/Windows/Engine.ini]
[2019.01.25-22.32.50:970][  0]LogConfig: Setting CVar [[r.GPUCrashDebugging:0]]
[2019.01.25-22.32.50:970][  0]LogConfig: Applying CVar settings from Section [/Script/Engine.RendererOverrideSettings] File [H:/GJ/GitHub/TheValley/Saved/Config/Windows/Engine.ini]
[2019.01.25-22.32.50:970][  0]LogConfig: Applying CVar settings from Section [/Script/Engine.StreamingSettings] File [H:/GJ/GitHub/TheValley/Saved/Config/Windows/Engine.ini]
[2019.01.25-22.32.50:970][  0]LogConfig: Setting CVar [[s.MinBulkDataSizeForAsyncLoading:131072]]
[2019.01.25-22.32.50:970][  0]LogConfig: Setting CVar [[s.AsyncLoadingThreadEnabled:0]]
[2019.01.25-22.32.50:970][  0]LogConfig: Setting CVar [[s.EventDrivenLoaderEnabled:1]]
[2019.01.25-22.32.50:970][  0]LogConfig: Setting CVar [[s.WarnIfTimeLimitExceeded:0]]
[2019.01.25-22.32.50:970][  0]LogConfig: Setting CVar [[s.TimeLimitExceededMultiplier:1.5]]
[2019.01.25-22.32.50:970][  0]LogConfig: Setting CVar [[s.TimeLimitExceededMinTime:0.005]]
[2019.01.25-22.32.50:970][  0]LogConfig: Setting CVar [[s.UseBackgroundLevelStreaming:1]]
[2019.01.25-22.32.50:970][  0]LogConfig: Setting CVar [[s.PriorityAsyncLoadingExtraTime:15.0]]
[2019.01.25-22.32.50:970][  0]LogConfig: Setting CVar [[s.LevelStreamingActorsUpdateTimeLimit:5.0]]
[2019.01.25-22.32.50:970][  0]LogConfig: Setting CVar [[s.PriorityLevelStreamingActorsUpdateExtraTime:5.0]]
[2019.01.25-22.32.50:970][  0]LogConfig: Setting CVar [[s.LevelStreamingComponentsRegistrationGranularity:10]]
[2019.01.25-22.32.50:970][  0]LogConfig: Setting CVar [[s.UnregisterComponentsTimeLimit:1.0]]
[2019.01.25-22.32.50:970][  0]LogConfig: Setting CVar [[s.LevelStreamingComponentsUnregistrationGranularity:5]]
[2019.01.25-22.32.50:970][  0]LogConfig: Applying CVar settings from Section [/Script/Engine.GarbageCollectionSettings] File [H:/GJ/GitHub/TheValley/Saved/Config/Windows/Engine.ini]
[2019.01.25-22.32.50:970][  0]LogConfig: Setting CVar [[gc.MaxObjectsNotConsideredByGC:1]]
[2019.01.25-22.32.50:970][  0]LogConfig: Setting CVar [[gc.SizeOfPermanentObjectPool:0]]
[2019.01.25-22.32.50:970][  0]LogConfig: Setting CVar [[gc.FlushStreamingOnGC:0]]
[2019.01.25-22.32.50:970][  0]LogConfig: Setting CVar [[gc.NumRetriesBeforeForcingGC:10]]
[2019.01.25-22.32.50:970][  0]LogConfig: Setting CVar [[gc.AllowParallelGC:1]]
[2019.01.25-22.32.50:970][  0]LogConfig: Setting CVar [[gc.TimeBetweenPurgingPendingKillObjects:61.1]]
[2019.01.25-22.32.50:970][  0]LogConfig: Setting CVar [[gc.MaxObjectsInEditor:8388607]]
[2019.01.25-22.32.50:970][  0]LogConfig: Setting CVar [[gc.IncrementalBeginDestroyEnabled:1]]
[2019.01.25-22.32.50:970][  0]LogConfig: Setting CVar [[gc.CreateGCClusters:1]]
[2019.01.25-22.32.50:970][  0]LogConfig: Setting CVar [[gc.MergeGCClusters:0]]
[2019.01.25-22.32.50:970][  0]LogConfig: Setting CVar [[gc.MinGCClusterSize:5]]
[2019.01.25-22.32.50:970][  0]LogConfig: Setting CVar [[gc.ActorClusteringEnabled:0]]
[2019.01.25-22.32.50:970][  0]LogConfig: Setting CVar [[gc.BlueprintClusteringEnabled:0]]
[2019.01.25-22.32.50:970][  0]LogConfig: Setting CVar [[gc.UseDisregardForGCOnDedicatedServers:0]]
[2019.01.25-22.32.50:970][  0]LogConfig: Applying CVar settings from Section [/Script/Engine.NetworkSettings] File [H:/GJ/GitHub/TheValley/Saved/Config/Windows/Engine.ini]
[2019.01.25-22.32.50:970][  0]LogConfig: Applying CVar settings from Section [/Script/UnrealEd.CookerSettings] File [H:/GJ/GitHub/TheValley/Saved/Config/Windows/Engine.ini]
[2019.01.25-22.32.50:975][  0]LogConfig: Applying CVar settings from Section [ViewDistanceQuality@3] File [H:/GJ/GitHub/TheValley/Saved/Config/Windows/Scalability.ini]
[2019.01.25-22.32.50:975][  0]LogConfig: Setting CVar [[r.SkeletalMeshLODBias:0]]
[2019.01.25-22.32.50:975][  0]LogConfig: Setting CVar [[r.ViewDistanceScale:1.0]]
[2019.01.25-22.32.50:975][  0]LogConfig: Applying CVar settings from Section [AntiAliasingQuality@3] File [H:/GJ/GitHub/TheValley/Saved/Config/Windows/Scalability.ini]
[2019.01.25-22.32.50:975][  0]LogConfig: Setting CVar [[r.PostProcessAAQuality:4]]
[2019.01.25-22.32.50:975][  0]LogConfig: Applying CVar settings from Section [ShadowQuality@3] File [H:/GJ/GitHub/TheValley/Saved/Config/Windows/Scalability.ini]
[2019.01.25-22.32.50:975][  0]LogConfig: Setting CVar [[r.LightFunctionQuality:1]]
[2019.01.25-22.32.50:975][  0]LogConfig: Setting CVar [[r.ShadowQuality:5]]
[2019.01.25-22.32.50:975][  0]LogConfig: Setting CVar [[r.Shadow.CSM.MaxCascades:10]]
[2019.01.25-22.32.50:975][  0]LogConfig: Setting CVar [[r.Shadow.MaxResolution:2048]]
[2019.01.25-22.32.50:975][  0]LogConfig: Setting CVar [[r.Shadow.MaxCSMResolution:2048]]
[2019.01.25-22.32.50:975][  0]LogConfig: Setting CVar [[r.Shadow.RadiusThreshold:0.01]]
[2019.01.25-22.32.50:975][  0]LogConfig: Setting CVar [[r.Shadow.DistanceScale:1.0]]
[2019.01.25-22.32.50:975][  0]LogConfig: Setting CVar [[r.Shadow.CSM.TransitionScale:1.0]]
[2019.01.25-22.32.50:975][  0]LogConfig: Setting CVar [[r.Shadow.PreShadowResolutionFactor:1.0]]
[2019.01.25-22.32.50:975][  0]LogConfig: Setting CVar [[r.DistanceFieldShadowing:1]]
[2019.01.25-22.32.50:975][  0]LogConfig: Setting CVar [[r.DistanceFieldAO:1]]
[2019.01.25-22.32.50:975][  0]LogConfig: Setting CVar [[r.AOQuality:2]]
[2019.01.25-22.32.50:975][  0]LogConfig: Setting CVar [[r.VolumetricFog:1]]
[2019.01.25-22.32.50:975][  0]LogConfig: Setting CVar [[r.VolumetricFog.GridPixelSize:8]]
[2019.01.25-22.32.50:975][  0]LogConfig: Setting CVar [[r.VolumetricFog.GridSizeZ:128]]
[2019.01.25-22.32.50:976][  0]LogConfig: Setting CVar [[r.VolumetricFog.HistoryMissSupersampleCount:4]]
[2019.01.25-22.32.50:976][  0]LogConfig: Setting CVar [[r.LightMaxDrawDistanceScale:1]]
[2019.01.25-22.32.50:976][  0]LogConfig: Setting CVar [[r.CapsuleShadows:1]]
[2019.01.25-22.32.50:976][  0]LogConfig: Applying CVar settings from Section [PostProcessQuality@3] File [H:/GJ/GitHub/TheValley/Saved/Config/Windows/Scalability.ini]
[2019.01.25-22.32.50:976][  0]LogConfig: Setting CVar [[r.MotionBlurQuality:4]]
[2019.01.25-22.32.50:976][  0]LogConfig: Setting CVar [[r.AmbientOcclusionMipLevelFactor:0.4]]
[2019.01.25-22.32.50:976][  0]LogConfig: Setting CVar [[r.AmbientOcclusionMaxQuality:100]]
[2019.01.25-22.32.50:976][  0]LogConfig: Setting CVar [[r.AmbientOcclusionLevels:-1]]
[2019.01.25-22.32.50:976][  0]LogConfig: Setting CVar [[r.AmbientOcclusionRadiusScale:1.0]]
[2019.01.25-22.32.50:976][  0]LogConfig: Setting CVar [[r.DepthOfFieldQuality:2]]
[2019.01.25-22.32.50:976][  0]LogConfig: Setting CVar [[r.RenderTargetPoolMin:400]]
[2019.01.25-22.32.50:976][  0]LogConfig: Setting CVar [[r.LensFlareQuality:2]]
[2019.01.25-22.32.50:976][  0]LogConfig: Setting CVar [[r.SceneColorFringeQuality:1]]
[2019.01.25-22.32.50:976][  0]LogConfig: Setting CVar [[r.EyeAdaptationQuality:2]]
[2019.01.25-22.32.50:976][  0]LogConfig: Setting CVar [[r.BloomQuality:5]]
[2019.01.25-22.32.50:976][  0]LogConfig: Setting CVar [[r.FastBlurThreshold:100]]
[2019.01.25-22.32.50:976][  0]LogConfig: Setting CVar [[r.Upscale.Quality:3]]
[2019.01.25-22.32.50:976][  0]LogConfig: Setting CVar [[r.Tonemapper.GrainQuantization:1]]
[2019.01.25-22.32.50:976][  0]LogConfig: Setting CVar [[r.LightShaftQuality:1]]
[2019.01.25-22.32.50:976][  0]LogConfig: Setting CVar [[r.Filter.SizeScale:1]]
[2019.01.25-22.32.50:976][  0]LogConfig: Setting CVar [[r.Tonemapper.Quality:5]]
[2019.01.25-22.32.50:976][  0]LogConfig: Setting CVar [[r.DOF.Gather.AccumulatorQuality:1        ; higher gathering accumulator quality]]
[2019.01.25-22.32.50:976][  0]LogConfig: Setting CVar [[r.DOF.Gather.PostfilterMethod:1          ; Median3x3 postfilering method]]
[2019.01.25-22.32.50:976][  0]LogConfig: Setting CVar [[r.DOF.Gather.EnableBokehSettings:0       ; no bokeh simulation when gathering]]
[2019.01.25-22.32.50:976][  0]LogConfig: Setting CVar [[r.DOF.Gather.RingCount:4                 ; medium number of samples when gathering]]
[2019.01.25-22.32.50:976][  0]LogConfig: Setting CVar [[r.DOF.Scatter.ForegroundCompositing:1    ; additive foreground scattering]]
[2019.01.25-22.32.50:976][  0]LogConfig: Setting CVar [[r.DOF.Scatter.BackgroundCompositing:2    ; additive background scattering]]
[2019.01.25-22.32.50:976][  0]LogConfig: Setting CVar [[r.DOF.Scatter.EnableBokehSettings:1      ; bokeh simulation when scattering]]
[2019.01.25-22.32.50:976][  0]LogConfig: Setting CVar [[r.DOF.Scatter.MaxSpriteRatio:0.1         ; only a maximum of 10% of scattered bokeh]]
[2019.01.25-22.32.50:976][  0]LogConfig: Setting CVar [[r.DOF.Recombine.Quality:1                ; cheap slight out of focus]]
[2019.01.25-22.32.50:976][  0]LogConfig: Setting CVar [[r.DOF.Recombine.EnableBokehSettings:0    ; no bokeh simulation on slight out of focus]]
[2019.01.25-22.32.50:976][  0]LogConfig: Setting CVar [[r.DOF.TemporalAAQuality:1                ; more stable temporal accumulation]]
[2019.01.25-22.32.50:976][  0]LogConfig: Setting CVar [[r.DOF.Kernel.MaxForegroundRadius:0.025]]
[2019.01.25-22.32.50:976][  0]LogConfig: Setting CVar [[r.DOF.Kernel.MaxBackgroundRadius:0.025]]
[2019.01.25-22.32.50:976][  0]LogConfig: Applying CVar settings from Section [TextureQuality@3] File [H:/GJ/GitHub/TheValley/Saved/Config/Windows/Scalability.ini]
[2019.01.25-22.32.50:976][  0]LogConfig: Setting CVar [[r.Streaming.MipBias:0]]
[2019.01.25-22.32.50:976][  0]LogConfig: Setting CVar [[r.Streaming.AmortizeCPUToGPUCopy:0]]
[2019.01.25-22.32.50:976][  0]LogConfig: Setting CVar [[r.Streaming.MaxNumTexturesToStreamPerFrame:0]]
[2019.01.25-22.32.50:976][  0]LogConfig: Setting CVar [[r.Streaming.Boost:1]]
[2019.01.25-22.32.50:976][  0]LogConfig: Setting CVar [[r.MaxAnisotropy:8]]
[2019.01.25-22.32.50:976][  0]LogConfig: Setting CVar [[r.Streaming.LimitPoolSizeToVRAM:0]]
[2019.01.25-22.32.50:976][  0]LogConfig: Setting CVar [[r.Streaming.PoolSize:1000]]
[2019.01.25-22.32.50:976][  0]LogConfig: Setting CVar [[r.Streaming.MaxEffectiveScreenSize:0]]
[2019.01.25-22.32.50:976][  0]LogConfig: Applying CVar settings from Section [EffectsQuality@3] File [H:/GJ/GitHub/TheValley/Saved/Config/Windows/Scalability.ini]
[2019.01.25-22.32.50:976][  0]LogConfig: Setting CVar [[r.TranslucencyLightingVolumeDim:64]]
[2019.01.25-22.32.50:976][  0]LogConfig: Setting CVar [[r.RefractionQuality:2]]
[2019.01.25-22.32.50:976][  0]LogConfig: Setting CVar [[r.SSR.Quality:3]]
[2019.01.25-22.32.50:976][  0]LogConfig: Setting CVar [[r.SceneColorFormat:4]]
[2019.01.25-22.32.50:976][  0]LogConfig: Setting CVar [[r.DetailMode:2]]
[2019.01.25-22.32.50:976][  0]LogConfig: Setting CVar [[r.TranslucencyVolumeBlur:1]]
[2019.01.25-22.32.50:976][  0]LogConfig: Setting CVar [[r.MaterialQualityLevel:1 ; High quality]]
[2019.01.25-22.32.50:976][  0]LogConfig: Setting CVar [[r.SSS.Scale:1]]
[2019.01.25-22.32.50:976][  0]LogConfig: Setting CVar [[r.SSS.SampleSet:2]]
[2019.01.25-22.32.50:976][  0]LogConfig: Setting CVar [[r.SSS.Quality:1]]
[2019.01.25-22.32.50:976][  0]LogConfig: Setting CVar [[r.SSS.HalfRes:1]]
[2019.01.25-22.32.50:977][  0]LogConfig: Setting CVar [[r.EmitterSpawnRateScale:1.0]]
[2019.01.25-22.32.50:977][  0]LogConfig: Setting CVar [[r.ParticleLightQuality:2]]
[2019.01.25-22.32.50:977][  0]LogConfig: Applying CVar settings from Section [FoliageQuality@3] File [H:/GJ/GitHub/TheValley/Saved/Config/Windows/Scalability.ini]
[2019.01.25-22.32.50:977][  0]LogConfig: Setting CVar [[foliage.DensityScale:1.0]]
[2019.01.25-22.32.50:977][  0]LogConfig: Setting CVar [[grass.DensityScale:1.0]]
[2019.01.25-22.32.50:977][  0]LogInit: Selected Device Profile: [Windows]
[2019.01.25-22.32.50:977][  0]LogInit: Applying CVar settings loaded from the selected device profile: [Windows]
[2019.01.25-22.32.50:998][  0]LogHAL: Display: Platform has ~ 16 GB [17177960448 / 17179869184 / 16], which maps to Larger [LargestMinGB=32, LargerMinGB=12, DefaultMinGB=8, SmallerMinGB=6, SmallestMinGB=0)
[2019.01.25-22.32.50:998][  0]LogConfig: Setting CVar [[r.Vulkan.UseRealUBs:1]]
[2019.01.25-22.32.50:998][  0]LogInit: Going up to parent DeviceProfile []
[2019.01.25-22.32.50:998][  0]LogConfig: Applying CVar settings from Section [ViewDistanceQuality@3] File [H:/GJ/GitHub/TheValley/Saved/Config/Windows/Scalability.ini]
[2019.01.25-22.32.50:998][  0]LogConfig: Setting CVar [[r.SkeletalMeshLODBias:0]]
[2019.01.25-22.32.50:998][  0]LogConfig: Setting CVar [[r.ViewDistanceScale:1.0]]
[2019.01.25-22.32.50:998][  0]LogConfig: Applying CVar settings from Section [AntiAliasingQuality@3] File [H:/GJ/GitHub/TheValley/Saved/Config/Windows/Scalability.ini]
[2019.01.25-22.32.50:998][  0]LogConfig: Setting CVar [[r.PostProcessAAQuality:4]]
[2019.01.25-22.32.50:998][  0]LogConfig: Applying CVar settings from Section [ShadowQuality@3] File [H:/GJ/GitHub/TheValley/Saved/Config/Windows/Scalability.ini]
[2019.01.25-22.32.50:998][  0]LogConfig: Setting CVar [[r.LightFunctionQuality:1]]
[2019.01.25-22.32.50:998][  0]LogConfig: Setting CVar [[r.ShadowQuality:5]]
[2019.01.25-22.32.50:998][  0]LogConfig: Setting CVar [[r.Shadow.CSM.MaxCascades:10]]
[2019.01.25-22.32.50:998][  0]LogConfig: Setting CVar [[r.Shadow.MaxResolution:2048]]
[2019.01.25-22.32.50:998][  0]LogConfig: Setting CVar [[r.Shadow.MaxCSMResolution:2048]]
[2019.01.25-22.32.50:998][  0]LogConfig: Setting CVar [[r.Shadow.RadiusThreshold:0.01]]
[2019.01.25-22.32.50:998][  0]LogConfig: Setting CVar [[r.Shadow.DistanceScale:1.0]]
[2019.01.25-22.32.50:998][  0]LogConfig: Setting CVar [[r.Shadow.CSM.TransitionScale:1.0]]
[2019.01.25-22.32.50:998][  0]LogConfig: Setting CVar [[r.Shadow.PreShadowResolutionFactor:1.0]]
[2019.01.25-22.32.50:998][  0]LogConfig: Setting CVar [[r.DistanceFieldShadowing:1]]
[2019.01.25-22.32.50:998][  0]LogConfig: Setting CVar [[r.DistanceFieldAO:1]]
[2019.01.25-22.32.50:998][  0]LogConfig: Setting CVar [[r.AOQuality:2]]
[2019.01.25-22.32.50:998][  0]LogConfig: Setting CVar [[r.VolumetricFog:1]]
[2019.01.25-22.32.50:998][  0]LogConfig: Setting CVar [[r.VolumetricFog.GridPixelSize:8]]
[2019.01.25-22.32.50:998][  0]LogConfig: Setting CVar [[r.VolumetricFog.GridSizeZ:128]]
[2019.01.25-22.32.50:998][  0]LogConfig: Setting CVar [[r.VolumetricFog.HistoryMissSupersampleCount:4]]
[2019.01.25-22.32.50:998][  0]LogConfig: Setting CVar [[r.LightMaxDrawDistanceScale:1]]
[2019.01.25-22.32.50:998][  0]LogConfig: Setting CVar [[r.CapsuleShadows:1]]
[2019.01.25-22.32.50:998][  0]LogConfig: Applying CVar settings from Section [PostProcessQuality@3] File [H:/GJ/GitHub/TheValley/Saved/Config/Windows/Scalability.ini]
[2019.01.25-22.32.50:998][  0]LogConfig: Setting CVar [[r.MotionBlurQuality:4]]
[2019.01.25-22.32.50:998][  0]LogConfig: Setting CVar [[r.AmbientOcclusionMipLevelFactor:0.4]]
[2019.01.25-22.32.50:998][  0]LogConfig: Setting CVar [[r.AmbientOcclusionMaxQuality:100]]
[2019.01.25-22.32.50:998][  0]LogConfig: Setting CVar [[r.AmbientOcclusionLevels:-1]]
[2019.01.25-22.32.50:998][  0]LogConfig: Setting CVar [[r.AmbientOcclusionRadiusScale:1.0]]
[2019.01.25-22.32.50:999][  0]LogConfig: Setting CVar [[r.DepthOfFieldQuality:2]]
[2019.01.25-22.32.50:999][  0]LogConfig: Setting CVar [[r.RenderTargetPoolMin:400]]
[2019.01.25-22.32.50:999][  0]LogConfig: Setting CVar [[r.LensFlareQuality:2]]
[2019.01.25-22.32.50:999][  0]LogConfig: Setting CVar [[r.SceneColorFringeQuality:1]]
[2019.01.25-22.32.50:999][  0]LogConfig: Setting CVar [[r.EyeAdaptationQuality:2]]
[2019.01.25-22.32.50:999][  0]LogConfig: Setting CVar [[r.BloomQuality:5]]
[2019.01.25-22.32.50:999][  0]LogConfig: Setting CVar [[r.FastBlurThreshold:100]]
[2019.01.25-22.32.50:999][  0]LogConfig: Setting CVar [[r.Upscale.Quality:3]]
[2019.01.25-22.32.50:999][  0]LogConfig: Setting CVar [[r.Tonemapper.GrainQuantization:1]]
[2019.01.25-22.32.50:999][  0]LogConfig: Setting CVar [[r.LightShaftQuality:1]]
[2019.01.25-22.32.50:999][  0]LogConfig: Setting CVar [[r.Filter.SizeScale:1]]
[2019.01.25-22.32.50:999][  0]LogConfig: Setting CVar [[r.Tonemapper.Quality:5]]
[2019.01.25-22.32.50:999][  0]LogConfig: Setting CVar [[r.DOF.Gather.AccumulatorQuality:1        ; higher gathering accumulator quality]]
[2019.01.25-22.32.50:999][  0]LogConfig: Setting CVar [[r.DOF.Gather.PostfilterMethod:1          ; Median3x3 postfilering method]]
[2019.01.25-22.32.50:999][  0]LogConfig: Setting CVar [[r.DOF.Gather.EnableBokehSettings:0       ; no bokeh simulation when gathering]]
[2019.01.25-22.32.50:999][  0]LogConfig: Setting CVar [[r.DOF.Gather.RingCount:4                 ; medium number of samples when gathering]]
[2019.01.25-22.32.50:999][  0]LogConfig: Setting CVar [[r.DOF.Scatter.ForegroundCompositing:1    ; additive foreground scattering]]
[2019.01.25-22.32.50:999][  0]LogConfig: Setting CVar [[r.DOF.Scatter.BackgroundCompositing:2    ; additive background scattering]]
[2019.01.25-22.32.50:999][  0]LogConfig: Setting CVar [[r.DOF.Scatter.EnableBokehSettings:1      ; bokeh simulation when scattering]]
[2019.01.25-22.32.50:999][  0]LogConfig: Setting CVar [[r.DOF.Scatter.MaxSpriteRatio:0.1         ; only a maximum of 10% of scattered bokeh]]
[2019.01.25-22.32.50:999][  0]LogConfig: Setting CVar [[r.DOF.Recombine.Quality:1                ; cheap slight out of focus]]
[2019.01.25-22.32.50:999][  0]LogConfig: Setting CVar [[r.DOF.Recombine.EnableBokehSettings:0    ; no bokeh simulation on slight out of focus]]
[2019.01.25-22.32.50:999][  0]LogConfig: Setting CVar [[r.DOF.TemporalAAQuality:1                ; more stable temporal accumulation]]
[2019.01.25-22.32.50:999][  0]LogConfig: Setting CVar [[r.DOF.Kernel.MaxForegroundRadius:0.025]]
[2019.01.25-22.32.50:999][  0]LogConfig: Setting CVar [[r.DOF.Kernel.MaxBackgroundRadius:0.025]]
[2019.01.25-22.32.50:999][  0]LogConfig: Applying CVar settings from Section [TextureQuality@3] File [H:/GJ/GitHub/TheValley/Saved/Config/Windows/Scalability.ini]
[2019.01.25-22.32.50:999][  0]LogConfig: Setting CVar [[r.Streaming.MipBias:0]]
[2019.01.25-22.32.50:999][  0]LogConfig: Setting CVar [[r.Streaming.AmortizeCPUToGPUCopy:0]]
[2019.01.25-22.32.50:999][  0]LogConfig: Setting CVar [[r.Streaming.MaxNumTexturesToStreamPerFrame:0]]
[2019.01.25-22.32.50:999][  0]LogConfig: Setting CVar [[r.Streaming.Boost:1]]
[2019.01.25-22.32.50:999][  0]LogConfig: Setting CVar [[r.MaxAnisotropy:8]]
[2019.01.25-22.32.50:999][  0]LogConfig: Setting CVar [[r.Streaming.LimitPoolSizeToVRAM:0]]
[2019.01.25-22.32.50:999][  0]LogConfig: Setting CVar [[r.Streaming.PoolSize:1000]]
[2019.01.25-22.32.50:999][  0]LogConfig: Setting CVar [[r.Streaming.MaxEffectiveScreenSize:0]]
[2019.01.25-22.32.50:999][  0]LogConfig: Applying CVar settings from Section [EffectsQuality@3] File [H:/GJ/GitHub/TheValley/Saved/Config/Windows/Scalability.ini]
[2019.01.25-22.32.50:999][  0]LogConfig: Setting CVar [[r.TranslucencyLightingVolumeDim:64]]
[2019.01.25-22.32.50:999][  0]LogConfig: Setting CVar [[r.RefractionQuality:2]]
[2019.01.25-22.32.50:999][  0]LogConfig: Setting CVar [[r.SSR.Quality:3]]
[2019.01.25-22.32.50:999][  0]LogConfig: Setting CVar [[r.SceneColorFormat:4]]
[2019.01.25-22.32.50:999][  0]LogConfig: Setting CVar [[r.DetailMode:2]]
[2019.01.25-22.32.50:999][  0]LogConfig: Setting CVar [[r.TranslucencyVolumeBlur:1]]
[2019.01.25-22.32.50:999][  0]LogConfig: Setting CVar [[r.MaterialQualityLevel:1 ; High quality]]
[2019.01.25-22.32.50:999][  0]LogConfig: Setting CVar [[r.SSS.Scale:1]]
[2019.01.25-22.32.50:999][  0]LogConfig: Setting CVar [[r.SSS.SampleSet:2]]
[2019.01.25-22.32.50:999][  0]LogConfig: Setting CVar [[r.SSS.Quality:1]]
[2019.01.25-22.32.50:999][  0]LogConfig: Setting CVar [[r.SSS.HalfRes:1]]
[2019.01.25-22.32.50:999][  0]LogConfig: Setting CVar [[r.EmitterSpawnRateScale:1.0]]
[2019.01.25-22.32.50:999][  0]LogConfig: Setting CVar [[r.ParticleLightQuality:2]]
[2019.01.25-22.32.50:999][  0]LogConfig: Applying CVar settings from Section [FoliageQuality@3] File [H:/GJ/GitHub/TheValley/Saved/Config/Windows/Scalability.ini]
[2019.01.25-22.32.50:999][  0]LogConfig: Setting CVar [[foliage.DensityScale:1.0]]
[2019.01.25-22.32.50:999][  0]LogConfig: Setting CVar [[grass.DensityScale:1.0]]
[2019.01.25-22.32.50:999][  0]LogConfig: Applying CVar settings from Section [Startup] File [../../../Engine/Config/ConsoleVariables.ini]
[2019.01.25-22.32.51:000][  0]LogConfig: Setting CVar [[net.UseAdaptiveNetUpdateFrequency:0]]
[2019.01.25-22.32.51:000][  0]LogConfig: Applying CVar settings from Section [ConsoleVariables] File [H:/GJ/GitHub/TheValley/Saved/Config/Windows/Engine.ini]
[2019.01.25-22.32.51:000][  0]LogInit: Computer: PC
[2019.01.25-22.32.51:000][  0]LogInit: User: L
[2019.01.25-22.32.51:000][  0]LogInit: CPU Page size=4096, Cores=4
[2019.01.25-22.32.51:000][  0]LogInit: High frequency timer resolution =3.135468 MHz
[2019.01.25-22.32.51:001][  0]LogMemory: Memory total: Physical=16.0GB (16GB approx)
[2019.01.25-22.32.51:001][  0]LogMemory: Platform Memory Stats for Windows
[2019.01.25-22.32.51:001][  0]LogMemory: Process Physical Memory: 102.92 MB used, 102.92 MB peak
[2019.01.25-22.32.51:001][  0]LogMemory: Process Virtual Memory: 86.88 MB used, 86.88 MB peak
[2019.01.25-22.32.51:001][  0]LogMemory: Physical Memory: 8497.60 MB used,  7884.58 MB free, 16382.18 MB total
[2019.01.25-22.32.51:001][  0]LogMemory: Virtual Memory: 480.73 MB used,  8388127.00 MB free, 8388608.00 MB total
[2019.01.25-22.32.51:168][  0]LogInit: Using OS detected language (it-IT).
[2019.01.25-22.32.51:168][  0]LogInit: Using OS detected locale (it-IT).
[2019.01.25-22.32.51:170][  0]LogTextLocalizationManager: No specific localization for 'it-IT' exists, so the 'it' localization will be used.
[2019.01.25-22.32.51:229][  0]LogStreaming: Display: Took  0.061s to InitEngineTextLocalization.
[2019.01.25-22.32.51:229][  0]LogWindows: Failed to load 'shcore.dll' (GetLastError=126)
[2019.01.25-22.32.51:229][  0]LogWindows: File 'shcore.dll' does not exist
[2019.01.25-22.32.51:229][  0]LogInit: Setting process to DPI aware
[2019.01.25-22.32.51:372][  0]LogSlate: New Slate User Created.  User Index 0, Is Virtual User: 0
[2019.01.25-22.32.51:372][  0]LogSlate: Slate User Registered.  User Index 0, Is Virtual User: 0
[2019.01.25-22.32.51:836][  0]LogHMD: Failed to initialize OpenVR with code 110
[2019.01.25-22.32.51:836][  0]LogD3D11RHI: D3D11 adapters:
[2019.01.25-22.32.51:863][  0]LogD3D11RHI:    0. 'Radeon (TM) RX 480 Graphics' (Feature Level 11_0)
[2019.01.25-22.32.51:863][  0]LogD3D11RHI:       8169/0/3840 MB DedicatedVideo/DedicatedSystem/SharedSystem, Outputs:1, VendorId:0x1002
[2019.01.25-22.32.51:863][  0]LogD3D11RHI: Chosen D3D11 Adapter: 0
[2019.01.25-22.32.51:872][  0]LogD3D11RHI: Creating new Direct3DDevice
[2019.01.25-22.32.51:872][  0]LogD3D11RHI:     GPU DeviceId: 0x67df (for the marketing name, search the web for "GPU Device Id")
[2019.01.25-22.32.51:872][  0]LogWindows: EnumDisplayDevices:
[2019.01.25-22.32.51:872][  0]LogWindows:    0. 'Radeon (TM) RX 480 Graphics' (P:1 D:1)
[2019.01.25-22.32.51:873][  0]LogWindows:    1. 'Radeon (TM) RX 480 Graphics' (P:0 D:0)
[2019.01.25-22.32.51:873][  0]LogWindows:    2. 'Radeon (TM) RX 480 Graphics' (P:0 D:0)
[2019.01.25-22.32.51:873][  0]LogWindows:    3. 'Radeon (TM) RX 480 Graphics' (P:0 D:0)
[2019.01.25-22.32.51:874][  0]LogWindows:    4. 'Radeon (TM) RX 480 Graphics' (P:0 D:0)
[2019.01.25-22.32.51:874][  0]LogWindows:    5. 'Radeon (TM) RX 480 Graphics' (P:0 D:0)
[2019.01.25-22.32.51:874][  0]LogWindows:    6. 'RDPDD Chained DD' (P:0 D:0)
[2019.01.25-22.32.51:875][  0]LogWindows:    7. 'RDP Encoder Mirror Driver' (P:0 D:0)
[2019.01.25-22.32.51:875][  0]LogWindows:    8. 'RDP Reflector Display Driver' (P:0 D:0)
[2019.01.25-22.32.51:875][  0]LogWindows:    9. 'CyberLink Mirror Driver' (P:0 D:0)
[2019.01.25-22.32.51:875][  0]LogWindows: DebugString: GetVideoDriverDetailsInvalid PrimaryIsNotTheChoosenAdapter GetVideoDriverDetailsInvalid PrimaryIsNotTheChoosenAdapter GetVideoDriverDetailsInvalid PrimaryIsNotTheChoosenAdapter GetVideoDriverDetailsInvalid PrimaryIsNotTheChoosenAdapter FoundDriverCount:6 
[2019.01.25-22.32.51:875][  0]LogD3D11RHI:     Adapter Name: Radeon (TM) RX 480 Graphics
[2019.01.25-22.32.51:875][  0]LogD3D11RHI:   Driver Version: Adrenalin 18.11.1 (internal:25.20.14011.1003, unified:25.20.14011.1003)
[2019.01.25-22.32.51:875][  0]LogD3D11RHI:      Driver Date: 11-7-2018
[2019.01.25-22.32.51:875][  0]LogRHI: Texture pool is 5718 MB (70% of 8169 MB)
[2019.01.25-22.32.51:940][  0]LogD3D11RHI: Async texture creation enabled
[2019.01.25-22.32.51:954][  0]LogD3D11RHI: GPU Timing Frequency: 25.000000 (Debug: 2 1)
[2019.01.25-22.32.52:628][  0]LogTemp: Display: Loaded TP AllDesktopTargetPlatform
[2019.01.25-22.32.52:659][  0]LogTemp: Display: Loaded TP MacClientTargetPlatform
[2019.01.25-22.32.52:681][  0]LogTemp: Display: Loaded TP MacNoEditorTargetPlatform
[2019.01.25-22.32.52:702][  0]LogTemp: Display: Loaded TP MacServerTargetPlatform
[2019.01.25-22.32.52:747][  0]LogTemp: Display: Loaded TP MacTargetPlatform
[2019.01.25-22.32.52:778][  0]LogTemp: Display: Loaded TP WindowsClientTargetPlatform
[2019.01.25-22.32.52:804][  0]LogTemp: Display: Loaded TP WindowsNoEditorTargetPlatform
[2019.01.25-22.32.52:832][  0]LogTemp: Display: Loaded TP WindowsServerTargetPlatform
[2019.01.25-22.32.52:843][  0]LogTemp: Display: Loaded TP WindowsTargetPlatform
[2019.01.25-22.32.52:985][  0]LogTemp: Display: Loaded TP AndroidTargetPlatform
[2019.01.25-22.32.52:985][  0]LogTemp: Display: Loaded TP AndroidTargetPlatform
[2019.01.25-22.32.52:985][  0]LogTemp: Display: Loaded TP AndroidTargetPlatform
[2019.01.25-22.32.52:985][  0]LogTemp: Display: Loaded TP AndroidTargetPlatform
[2019.01.25-22.32.52:985][  0]LogTemp: Display: Loaded TP AndroidTargetPlatform
[2019.01.25-22.32.52:985][  0]LogTemp: Display: Loaded TP AndroidTargetPlatform
[2019.01.25-22.32.52:985][  0]LogTemp: Display: Loaded TP AndroidTargetPlatform
[2019.01.25-22.32.52:985][  0]LogTemp: Display: Loaded TP AndroidTargetPlatform
[2019.01.25-22.32.52:985][  0]LogTemp: Display: Loaded TP AndroidTargetPlatform
[2019.01.25-22.32.52:985][  0]LogTemp: Display: Loaded TP AndroidTargetPlatform
[2019.01.25-22.32.52:985][  0]LogTemp: Display: Loaded TP AndroidTargetPlatform
[2019.01.25-22.32.52:985][  0]LogTemp: Display: Loaded TP AndroidTargetPlatform
[2019.01.25-22.32.52:985][  0]LogTemp: Display: Loaded TP AndroidTargetPlatform
[2019.01.25-22.32.52:985][  0]LogTemp: Display: Loaded TP AndroidTargetPlatform
[2019.01.25-22.32.52:986][  0]LogTemp: Display: Loaded TP AndroidTargetPlatform
[2019.01.25-22.32.52:986][  0]LogTemp: Display: Loaded TP AndroidTargetPlatform
[2019.01.25-22.32.52:986][  0]LogTemp: Display: Loaded TP AndroidTargetPlatform
[2019.01.25-22.32.52:986][  0]LogTemp: Display: Loaded TP AndroidTargetPlatform
[2019.01.25-22.32.53:005][  0]LogTemp: Display: Loaded TP HTML5TargetPlatform
[2019.01.25-22.32.53:105][  0]LogTemp: Display: Loaded TP IOSTargetPlatform
[2019.01.25-22.32.53:105][  0]LogTemp: Display: Loaded TP IOSTargetPlatform
[2019.01.25-22.32.53:150][  0]LogTemp: Display: Loaded TP TVOSTargetPlatform
[2019.01.25-22.32.53:150][  0]LogTemp: Display: Loaded TP TVOSTargetPlatform
[2019.01.25-22.32.53:193][  0]LogTemp: Display: Loaded TP LinuxClientTargetPlatform
[2019.01.25-22.32.53:213][  0]LogTemp: Display: Loaded TP LinuxNoEditorTargetPlatform
[2019.01.25-22.32.53:232][  0]LogTemp: Display: Loaded TP LinuxServerTargetPlatform
[2019.01.25-22.32.53:252][  0]LogTemp: Display: Loaded TP LinuxTargetPlatform
[2019.01.25-22.32.53:327][  0]LogTemp: Display: Loaded TP LuminTargetPlatform
[2019.01.25-22.32.53:327][  0]LogTemp: Display: Loaded TP LuminTargetPlatform
[2019.01.25-22.32.53:327][  0]LogTargetPlatformManager: Display: Building Assets For Windows
[2019.01.25-22.32.53:657][  0]LogShaderCompilers: Guid format shader working directory is 19 characters bigger than the processId version (H:/GJ/GitHub/TheValley/Intermediate/Shaders/WorkingDirectory/12368/).
[2019.01.25-22.32.53:657][  0]LogShaderCompilers: Cleaned the shader compiler working directory 'C:/Users/L/AppData/Local/Temp/UnrealShaderWorkingDir/355874C34A2C467823AF5D95AF92A04F/'.
[2019.01.25-22.32.53:667][  0]LogXGEController: Cannot use XGE Controller as Incredibuild is not installed on this machine.
[2019.01.25-22.32.53:667][  0]LogShaderCompilers: Cannot use XGE Shader Compiler as Incredibuild is not installed on this machine.
[2019.01.25-22.32.53:667][  0]LogShaderCompilers: Display: Using Local Shader Compiler.
[2019.01.25-22.32.55:143][  0]LogDerivedDataCache: Display: Max Cache Size: 512 MB
[2019.01.25-22.32.55:457][  0]LogDerivedDataCache: Loaded boot cache 0.31s 71MB C:/Users/L/AppData/Local/UnrealEngine/4.21/DerivedDataCache/Boot.ddc.
[2019.01.25-22.32.55:457][  0]LogDerivedDataCache: Display: Loaded Boot cache: C:/Users/L/AppData/Local/UnrealEngine/4.21/DerivedDataCache/Boot.ddc
[2019.01.25-22.32.55:457][  0]LogDerivedDataCache: FDerivedDataBackendGraph:  Pak pak cache file H:/GJ/GitHub/TheValley/DerivedDataCache/DDC.ddp not found, will not use a pak cache.
[2019.01.25-22.32.55:457][  0]LogDerivedDataCache: Unable to find inner node Pak for hierarchical cache Hierarchy.
[2019.01.25-22.32.55:457][  0]LogDerivedDataCache: FDerivedDataBackendGraph:  CompressedPak pak cache file H:/GJ/GitHub/TheValley/DerivedDataCache/Compressed.ddp not found, will not use a pak cache.
[2019.01.25-22.32.55:457][  0]LogDerivedDataCache: Unable to find inner node CompressedPak for hierarchical cache Hierarchy.
[2019.01.25-22.32.55:492][  0]LogDerivedDataCache: Display: Pak cache opened for reading ../../../Engine/DerivedDataCache/Compressed.ddp.
[2019.01.25-22.32.55:492][  0]LogDerivedDataCache: FDerivedDataBackendGraph:  EnterprisePak pak cache file ../../../Enterprise/DerivedDataCache/Compressed.ddp not found, will not use a pak cache.
[2019.01.25-22.32.55:492][  0]LogDerivedDataCache: Unable to find inner node EnterprisePak for hierarchical cache Hierarchy.
[2019.01.25-22.32.55:508][  0]LogDerivedDataCache: Using Local data cache path C:/Users/L/AppData/Local/UnrealEngine/Common/DerivedDataCache: Writable
[2019.01.25-22.32.55:508][  0]LogDerivedDataCache: Shared data cache path not found in *engine.ini, will not use an Shared cache.
[2019.01.25-22.32.55:508][  0]LogDerivedDataCache: Unable to find inner node Shared for hierarchical cache Hierarchy.
[2019.01.25-22.32.55:544][  0]LogMaterial: Verifying Global Shaders for PCD3D_SM5
[2019.01.25-22.32.55:546][  0]LogSlate: Using FreeType 2.6.0
[2019.01.25-22.32.55:568][  0]LogSlate: SlateFontServices - WITH_FREETYPE: 1, WITH_HARFBUZZ: 1
[2019.01.25-22.32.55:857][  0]LogAssetRegistry: FAssetRegistry took 0.0380 seconds to start up
[2019.01.25-22.32.56:405][  0]LogInit: Selected Device Profile: [Windows]
[2019.01.25-22.32.56:823][  0]LogSimplygon: Simplygon DLL not present - disabling.
[2019.01.25-22.32.56:871][  0]LogMeshReduction: Using SimplygonSwarm for distributed automatic mesh merging
[2019.01.25-22.32.56:871][  0]LogMeshReduction: Using ProxyLODMeshReduction for automatic mesh merging
[2019.01.25-22.32.56:871][  0]LogMeshReduction: Using QuadricMeshReduction for automatic static mesh reduction
[2019.01.25-22.32.56:871][  0]LogMeshReduction: No automatic skeletal mesh reduction module available
[2019.01.25-22.32.56:892][  0]LogNetVersion: TheValley 1.0.0, NetCL: 4541578, EngineNetVer: 5, GameNetVer: 0 (Checksum: 512242817)
[2019.01.25-22.32.58:200][  0]LogPackageLocalizationCache: Processed 11 localized package path(s) for 2 prioritized culture(s) in 0.165780 seconds
[2019.01.25-22.32.58:212][  0]LogUObjectArray: 39775 objects as part of root set at end of initial load.
[2019.01.25-22.32.58:212][  0]LogUObjectAllocator: 6914656 out of 0 bytes used by permanent object pool.
[2019.01.25-22.32.58:212][  0]LogUObjectArray: CloseDisregardForGC: 0/0 objects in disregard for GC pool
[2019.01.25-22.33.02:703][  0]LogTcpMessaging: Initializing TcpMessaging bridge
[2019.01.25-22.33.02:728][  0]LogUdpMessaging: Initializing bridge on interface 0.0.0.0:0 to multicast group 230.0.0.1:6666.
[2019.01.25-22.33.04:044][  0]SourceControl: Source control is disabled
[2019.01.25-22.33.04:044][  0]SourceControl: Source control is disabled
[2019.01.25-22.33.04:085][  0]SourceControl: Source control is disabled
[2019.01.25-22.33.04:097][  0]SourceControl: Source control is disabled
[2019.01.25-22.33.04:704][  0]LogAndroidPermission: UAndroidPermissionCallbackProxy::GetInstance
[2019.01.25-22.33.04:947][  0]LogOcInput: OculusInput pre-init called
[2019.01.25-22.33.05:173][  0]LogEngine: Initializing Engine...
[2019.01.25-22.33.05:174][  0]LogHMD: Failed to initialize OpenVR with code 110
[2019.01.25-22.33.05:176][  0]LogStats: UGameplayTagsManager::ConstructGameplayTagTree: ImportINI prefixes -  0.000 s
[2019.01.25-22.33.05:176][  0]LogStats: UGameplayTagsManager::ConstructGameplayTagTree: Construct from data asset -  0.000 s
[2019.01.25-22.33.05:176][  0]LogStats: UGameplayTagsManager::ConstructGameplayTagTree: ImportINI -  0.000 s
[2019.01.25-22.33.05:176][  0]LogStats: UGameplayTagsManager::ConstructGameplayTagTree: GameplayTagTreeChangedEvent.Broadcast -  0.000 s
[2019.01.25-22.33.05:671][  0]LogInit: Initializing FReadOnlyCVARCache
[2019.01.25-22.33.05:751][  0]LogAIModule: Creating AISystem for world Untitled
[2019.01.25-22.33.05:781][  0]LogInit: XAudio2 using 'Altoparlanti (Dispositivo High Definition Audio)' : 2 channels at 44.1 kHz using 16 bits per sample (channel mask 0x3)
[2019.01.25-22.33.05:797][  0]LogInit: FAudioDevice initialized.
[2019.01.25-22.33.05:797][  0]LogNetVersion: Set ProjectVersion to 1.0.0.0. Version Checksum will be recalculated on next use.
[2019.01.25-22.33.05:932][  0]LogDerivedDataCache: Saved boot cache 0.13s 71MB C:/Users/L/AppData/Local/UnrealEngine/4.21/DerivedDataCache/Boot.ddc.
[2019.01.25-22.33.05:932][  0]LogInit: Texture streaming: Enabled
[2019.01.25-22.33.05:983][  0]LogEngineSessionManager: EngineSessionManager initialized
[2019.01.25-22.33.06:027][  0]LogInit: Transaction tracking system initialized
[2019.01.25-22.33.06:167][  0]BlueprintLog: New page: Editor Load
[2019.01.25-22.33.06:547][  0]LocalizationService: Localization service is disabled
[2019.01.25-22.33.07:602][  0]LogFileCache: Scanning file cache for directory 'H:/GJ/GitHub/TheValley/Content/' took 0.02s
[2019.01.25-22.33.07:602][  0]LogCook: Display: Max memory allowance for cook 16384mb min free memory 0mb
[2019.01.25-22.33.07:602][  0]LogCook: Display: Mobile HDR setting 1
[2019.01.25-22.33.07:602][  0]LogGameplayTags: Display: UGameplayTagsManager::DoneAddingNativeTags. DelegateIsBound: 0
[2019.01.25-22.33.07:603][  0]LogStats: UGameplayTagsManager::ConstructGameplayTagTree: ImportINI prefixes -  0.000 s
[2019.01.25-22.33.07:603][  0]LogStats: UGameplayTagsManager::ConstructGameplayTagTree: Construct from data asset -  0.000 s
[2019.01.25-22.33.07:603][  0]LogStats: UGameplayTagsManager::ConstructGameplayTagTree: ImportINI -  0.000 s
[2019.01.25-22.33.07:603][  0]LogStats: UGameplayTagsManager::ConstructGameplayTagTree: GameplayTagTreeChangedEvent.Broadcast -  0.000 s
[2019.01.25-22.33.08:633][  0]SourceControl: Source control is disabled
[2019.01.25-22.33.08:634][  0]Cmd: MAP LOAD FILE="H:/GJ/GitHub/TheValley/Content/SideScrollerBP/Maps/SideScrollerExampleMap.umap" TEMPLATE=0 SHOWPROGRESS=1 FEATURELEVEL=3
[2019.01.25-22.33.08:634][  0]LightingResults: New page: Lighting Build
[2019.01.25-22.33.08:653][  0]MapCheck: New page: Map Check
[2019.01.25-22.33.08:653][  0]LightingResults: New page: Lighting Build
[2019.01.25-22.33.10:195][  0]LogAudioDerivedData: Display: Building compressed audio format OGG hash OGG wave WrongAnswer...
[2019.01.25-22.33.10:283][  0]LogAudioDerivedData: Display: Updated SoundWave->RawPCMDataSize from 0 to 118108 while cooking SoundWave /Game/Sounds/WrongAnswer.WrongAnswer.
[2019.01.25-22.33.10:284][  0]LogAudioDerivedData: Display: Building compressed audio format OGG hash OGG wave RightAnswer...
[2019.01.25-22.33.10:342][  0]LogAudioDerivedData: Display: Updated SoundWave->RawPCMDataSize from 0 to 337260 while cooking SoundWave /Game/Sounds/RightAnswer.RightAnswer.
[2019.01.25-22.33.10:784][  0]LogAIModule: Creating AISystem for world SideScrollerExampleMap
[2019.01.25-22.33.11:187][  0]LogEditorServer: Finished looking for orphan Actors (0.000 secs)
[2019.01.25-22.33.11:229][  0]Cmd: MAP CHECKDEP NOCLEARLOG
[2019.01.25-22.33.11:230][  0]MapCheck: Map check complete: 0 Error(s), 0 Warning(s), took 0,154ms to complete.
[2019.01.25-22.33.11:230][  0]LogFileHelpers: Loading map 'SideScrollerExampleMap' took 2.596
[2019.01.25-22.33.11:428][  0]LogSlate: Updating window title bar state: overlay mode, drag disabled, window buttons hidden, title bar hidden
[2019.01.25-22.33.11:439][  0]LogSlate: Updating window title bar state: overlay mode, drag disabled, window buttons hidden, title bar hidden
[2019.01.25-22.33.11:450][  0]LogSlate: Updating window title bar state: overlay mode, drag disabled, window buttons hidden, title bar hidden
[2019.01.25-22.33.11:461][  0]LogSlate: Updating window title bar state: overlay mode, drag disabled, window buttons hidden, title bar hidden
[2019.01.25-22.33.11:488][  0]LogCollectionManager: Loaded 0 collections in 0.003544 seconds
[2019.01.25-22.33.11:515][  0]LogFileCache: Scanning file cache for directory 'H:/GJ/GitHub/TheValley/Saved/Collections/' took 0.01s
[2019.01.25-22.33.11:515][  0]LogFileCache: Scanning file cache for directory 'H:/GJ/GitHub/TheValley/Content/Developers/L/Collections/' took 0.00s
[2019.01.25-22.33.11:515][  0]LogFileCache: Scanning file cache for directory 'H:/GJ/GitHub/TheValley/Content/Collections/' took 0.00s
[2019.01.25-22.33.11:515][  0]LogCollectionManager: Rebuilt the GUID cache for 0 collections in 0.000000 seconds
[2019.01.25-22.33.11:530][  0]LogContentBrowser: Native class hierarchy populated in 0.0151 seconds. Added 2651 classes and 620 folders.
[2019.01.25-22.33.11:560][  0]LogContentBrowser: Native class hierarchy updated for 'WidgetCarousel' in 0.0004 seconds. Added 0 classes and 0 folders.
[2019.01.25-22.33.11:583][  0]LogPakFile: Registered encryption key '00000000000000000000000000000000': 0 pak files mounted, 0 remain pending
[2019.01.25-22.33.11:603][  0]LogPakFile: Registered encryption key '00000000000000000000000000000000': 0 pak files mounted, 0 remain pending
[2019.01.25-22.33.11:605][  0]LogPakFile: Registered encryption key '00000000000000000000000000000000': 0 pak files mounted, 0 remain pending
[2019.01.25-22.33.11:606][  0]LogPakFile: Registered encryption key '00000000000000000000000000000000': 0 pak files mounted, 0 remain pending
[2019.01.25-22.33.11:607][  0]LogPakFile: Registered encryption key '00000000000000000000000000000000': 0 pak files mounted, 0 remain pending
[2019.01.25-22.33.11:608][  0]LogPakFile: Registered encryption key '00000000000000000000000000000000': 0 pak files mounted, 0 remain pending
[2019.01.25-22.33.11:610][  0]LogPakFile: Registered encryption key '00000000000000000000000000000000': 0 pak files mounted, 0 remain pending
[2019.01.25-22.33.11:611][  0]LogPakFile: Registered encryption key '00000000000000000000000000000000': 0 pak files mounted, 0 remain pending
[2019.01.25-22.33.11:612][  0]LogPakFile: Registered encryption key '00000000000000000000000000000000': 0 pak files mounted, 0 remain pending
[2019.01.25-22.33.11:613][  0]LogPakFile: Registered encryption key '00000000000000000000000000000000': 0 pak files mounted, 0 remain pending
[2019.01.25-22.33.11:614][  0]LogPakFile: Registered encryption key '00000000000000000000000000000000': 0 pak files mounted, 0 remain pending
[2019.01.25-22.33.11:616][  0]LogPakFile: Registered encryption key '00000000000000000000000000000000': 0 pak files mounted, 0 remain pending
[2019.01.25-22.33.11:617][  0]LogPakFile: Registered encryption key '00000000000000000000000000000000': 0 pak files mounted, 0 remain pending
[2019.01.25-22.33.11:618][  0]LogPakFile: Registered encryption key '00000000000000000000000000000000': 0 pak files mounted, 0 remain pending
[2019.01.25-22.33.11:619][  0]LogPakFile: Registered encryption key '00000000000000000000000000000000': 0 pak files mounted, 0 remain pending
[2019.01.25-22.33.11:621][  0]LogPakFile: Registered encryption key '00000000000000000000000000000000': 0 pak files mounted, 0 remain pending
[2019.01.25-22.33.11:622][  0]LogPakFile: Registered encryption key '00000000000000000000000000000000': 0 pak files mounted, 0 remain pending
[2019.01.25-22.33.11:623][  0]LogPakFile: Registered encryption key '00000000000000000000000000000000': 0 pak files mounted, 0 remain pending
[2019.01.25-22.33.11:624][  0]LogPakFile: Registered encryption key '00000000000000000000000000000000': 0 pak files mounted, 0 remain pending
[2019.01.25-22.33.11:625][  0]LogPakFile: Registered encryption key '00000000000000000000000000000000': 0 pak files mounted, 0 remain pending
[2019.01.25-22.33.11:627][  0]LogPakFile: Registered encryption key '00000000000000000000000000000000': 0 pak files mounted, 0 remain pending
[2019.01.25-22.33.11:628][  0]LogPakFile: Registered encryption key '00000000000000000000000000000000': 0 pak files mounted, 0 remain pending
[2019.01.25-22.33.11:629][  0]LogPakFile: Registered encryption key '00000000000000000000000000000000': 0 pak files mounted, 0 remain pending
[2019.01.25-22.33.11:631][  0]LogPakFile: Registered encryption key '00000000000000000000000000000000': 0 pak files mounted, 0 remain pending
[2019.01.25-22.33.11:633][  0]LogPakFile: Registered encryption key '00000000000000000000000000000000': 0 pak files mounted, 0 remain pending
[2019.01.25-22.33.11:634][  0]LogPakFile: Registered encryption key '00000000000000000000000000000000': 0 pak files mounted, 0 remain pending
[2019.01.25-22.33.11:956][  0]LogContentBrowser: Native class hierarchy updated for 'AddContentDialog' in 0.0004 seconds. Added 0 classes and 0 folders.
[2019.01.25-22.33.11:988][  0]LogContentBrowser: Native class hierarchy updated for 'SceneOutliner' in 0.0004 seconds. Added 1 classes and 2 folders.
[2019.01.25-22.33.12:132][  0]LogSlate: Took 0.017797 seconds to synchronously load lazily loaded font '../../../Engine/Content/Slate/Fonts/Roboto-Regular.ttf' (155K)
[2019.01.25-22.33.12:154][  0]LogSlate: Took 0.019228 seconds to synchronously load lazily loaded font '../../../Engine/Content/Slate/Fonts/Roboto-Bold.ttf' (160K)
[2019.01.25-22.33.12:170][  0]LogSlate: Took 0.007617 seconds to synchronously load lazily loaded font '../../../Engine/Content/Editor/Slate/Fonts/FontAwesome.ttf' (139K)
[2019.01.25-22.33.12:339][  0]LogRenderer: Reallocating scene render targets to support 1208x576 Format 10 NumSamples 1 (Frame:1).
[2019.01.25-22.33.12:696][  0]LogContentBrowser: Native class hierarchy updated for 'HierarchicalLODOutliner' in 0.0004 seconds. Added 0 classes and 0 folders.
[2019.01.25-22.33.12:696][  0]LogLoad: (Engine Initialization) Total time: 29.82 seconds
[2019.01.25-22.33.12:696][  0]LogLoad: (Engine Initialization) Total Blueprint compile time: 0.00 seconds
[2019.01.25-22.33.12:708][  0]LogSlate: FSceneViewport::OnFocusLost() reason 0
[2019.01.25-22.33.12:784][  0]LogContentStreaming: Texture pool size now 1000 MB
[2019.01.25-22.33.12:808][  0]LogSlate: Took 0.000250 seconds to synchronously load lazily loaded font '../../../Engine/Content/Slate/Fonts/Roboto-Light.ttf' (167K)
[2019.01.25-22.33.12:818][  1]LogFileCache: Retrieving MD5 hashes for directory 'H:/GJ/GitHub/TheValley/Content/' took 0.10s
[2019.01.25-22.33.12:923][  2]LogAssetRegistry: Asset discovery search completed in 17.0869 seconds
[2019.01.25-22.33.12:928][  2]LogCollectionManager: Rebuilt the object cache for 0 collections in 0.000001 seconds (found 0 objects)
[2019.01.25-22.33.12:928][  2]LogCollectionManager: Fixed up redirectors for 0 collections in 0.000096 seconds (updated 0 objects)
[2019.01.25-22.33.15:751][307]LogSlate: Took 0.000338 seconds to synchronously load lazily loaded font '../../../Engine/Content/Slate/Fonts/Roboto-Light.ttf' (167K)
[2019.01.25-22.33.23:968][158]LogSlate: FSceneViewport::OnFocusLost() reason 0
[2019.01.25-22.33.24:093][168]AssetReimport: New page: Detailed File System Changes from 23:33:24
[2019.01.25-22.33.24:112][168]AssetReimport: 'H:/GJ/GitHub/TheValley/Content/Assets/Barca.obj' has been created.
[2019.01.25-22.33.24:112][168]AssetReimport: 'H:/GJ/GitHub/TheValley/Content/Assets/ombrellone.obj' has been created.
[2019.01.25-22.33.24:112][168]AssetReimport: 'H:/GJ/GitHub/TheValley/Content/Assets/Ponticello.obj' has been created.
[2019.01.25-22.33.24:112][168]AssetReimport: 'H:/GJ/GitHub/TheValley/Content/Assets/Ponticello2.obj' has been created.
[2019.01.25-22.33.24:112][168]AssetReimport: 'H:/GJ/GitHub/TheValley/Content/Assets/ponticello3.fbx' has been created.
[2019.01.25-22.33.24:112][168]AssetReimport: 'H:/GJ/GitHub/TheValley/Content/Assets/PonticelloRinghiera.obj' has been created.
[2019.01.25-22.33.31:338][890]AssetReimport: New page: Outstanding source content changes 00:33:31
[2019.01.25-22.33.31:378][891]LogFactory: FactoryCreateFile: StaticMesh with FbxFactory (0 0 H:/GJ/GitHub/TheValley/Content/Assets/Barca.obj)
[2019.01.25-22.33.31:508][891]LogFbx: Loading FBX Scene from H:/GJ/GitHub/TheValley/Content/Assets/Barca.obj
[2019.01.25-22.33.31:547][891]LogFbx: FBX Scene Loaded Succesfully
[2019.01.25-22.33.33:988][891]LogSlate: Window 'FBX Import Options' being destroyed
[2019.01.25-22.33.34:619][891]LogStaticMesh: Building static mesh Barca...
[2019.01.25-22.33.34:737][891]LogStaticMesh: Built static mesh [0.12s] /Game/Assets/Barca.Barca
[2019.01.25-22.33.34:872][891]LogSlate: FSceneViewport::OnFocusLost() reason 2
[2019.01.25-22.33.34:996][892]LogFactory: FactoryCreateFile: StaticMesh with FbxFactory (0 0 H:/GJ/GitHub/TheValley/Content/Assets/ombrellone.obj)
[2019.01.25-22.33.35:008][892]LogFbx: Loading FBX Scene from H:/GJ/GitHub/TheValley/Content/Assets/ombrellone.obj
[2019.01.25-22.33.35:052][892]LogFbx: FBX Scene Loaded Succesfully
[2019.01.25-22.33.46:693][892]LogSlate: Window 'FBX Import Options' being destroyed
[2019.01.25-22.33.46:797][892]LogStaticMesh: Building static mesh ombrellone_pCylinder10...
[2019.01.25-22.33.46:806][892]LogStaticMesh: Built static mesh [0.01s] /Game/Assets/ombrellone_pCylinder10.ombrellone_pCylinder10
[2019.01.25-22.33.46:891][892]LogStaticMesh: Building static mesh ombrellone_pCylinder11...
[2019.01.25-22.33.46:913][892]LogStaticMesh: Built static mesh [0.02s] /Game/Assets/ombrellone_pCylinder11.ombrellone_pCylinder11
[2019.01.25-22.33.46:982][892]LogStaticMesh: Building static mesh ombrellone_polySurface26...
[2019.01.25-22.33.47:006][892]LogStaticMesh: Built static mesh [0.02s] /Game/Assets/ombrellone_polySurface26.ombrellone_polySurface26
[2019.01.25-22.33.47:077][892]LogStaticMesh: Building static mesh ombrellone_pSphere1...
[2019.01.25-22.33.47:094][892]LogStaticMesh: Built static mesh [0.02s] /Game/Assets/ombrellone_pSphere1.ombrellone_pSphere1
[2019.01.25-22.33.47:144][893]LogFactory: FactoryCreateFile: StaticMesh with FbxFactory (0 0 H:/GJ/GitHub/TheValley/Content/Assets/Ponticello.obj)
[2019.01.25-22.33.47:155][893]LogFbx: Loading FBX Scene from H:/GJ/GitHub/TheValley/Content/Assets/Ponticello.obj
[2019.01.25-22.33.47:165][893]LogFbx: FBX Scene Loaded Succesfully
[2019.01.25-22.33.47:188][893]LogSlate: FSceneViewport::OnFocusLost() reason 2
[2019.01.25-22.33.49:104][893]LogSlate: Window 'FBX Import Options' being destroyed
[2019.01.25-22.33.49:190][893]LogStaticMesh: Building static mesh Ponticello...
[2019.01.25-22.33.49:216][893]LogStaticMesh: Built static mesh [0.03s] /Game/Assets/Ponticello.Ponticello
[2019.01.25-22.33.49:266][894]LogFactory: FactoryCreateFile: StaticMesh with FbxFactory (0 0 H:/GJ/GitHub/TheValley/Content/Assets/Ponticello2.obj)
[2019.01.25-22.33.49:276][894]LogFbx: Loading FBX Scene from H:/GJ/GitHub/TheValley/Content/Assets/Ponticello2.obj
[2019.01.25-22.33.49:285][894]LogFbx: FBX Scene Loaded Succesfully
[2019.01.25-22.33.49:305][894]LogSlate: FSceneViewport::OnFocusLost() reason 2
[2019.01.25-22.33.49:955][894]LogSlate: Window 'FBX Import Options' being destroyed
[2019.01.25-22.33.50:023][894]LogStaticMesh: Building static mesh Ponticello2...
[2019.01.25-22.33.50:043][894]LogStaticMesh: Built static mesh [0.02s] /Game/Assets/Ponticello2.Ponticello2
[2019.01.25-22.33.50:059][894]LogSlate: FSceneViewport::OnFocusLost() reason 2
[2019.01.25-22.33.50:104][895]LogFactory: FactoryCreateFile: StaticMesh with FbxFactory (0 0 H:/GJ/GitHub/TheValley/Content/Assets/ponticello3.fbx)
[2019.01.25-22.33.50:129][895]LogFbx: Loading FBX Scene from H:/GJ/GitHub/TheValley/Content/Assets/ponticello3.fbx
[2019.01.25-22.33.50:143][895]LogFbx: FBX Scene Loaded Succesfully
[2019.01.25-22.33.50:804][895]LogSlate: Window 'FBX Import Options' being destroyed
[2019.01.25-22.33.50:874][895]LogStaticMesh: Building static mesh ponticello3...
[2019.01.25-22.33.50:894][895]LogStaticMesh: Built static mesh [0.02s] /Game/Assets/ponticello3.ponticello3
[2019.01.25-22.33.50:911][895]LogSlate: FSceneViewport::OnFocusLost() reason 2
[2019.01.25-22.33.50:929][896]LogFactory: FactoryCreateFile: StaticMesh with FbxFactory (0 0 H:/GJ/GitHub/TheValley/Content/Assets/PonticelloRinghiera.obj)
[2019.01.25-22.33.50:939][896]LogFbx: Loading FBX Scene from H:/GJ/GitHub/TheValley/Content/Assets/PonticelloRinghiera.obj
[2019.01.25-22.33.50:942][896]LogFbx: FBX Scene Loaded Succesfully
[2019.01.25-22.33.51:701][896]LogSlate: Window 'FBX Import Options' being destroyed
[2019.01.25-22.33.51:766][896]LogStaticMesh: Building static mesh PonticelloRinghiera...
[2019.01.25-22.33.51:771][896]LogStaticMesh: Built static mesh [0.01s] /Game/Assets/PonticelloRinghiera.PonticelloRinghiera
[2019.01.25-22.33.51:785][896]LogSlate: FSceneViewport::OnFocusLost() reason 2
[2019.01.25-22.33.52:335][897]Cmd: OBJ SAVEPACKAGE PACKAGE="/Game/Assets/Barca" FILE="H:/GJ/GitHub/TheValley/Content/Assets/Barca.uasset" SILENT=true
[2019.01.25-22.33.52:405][897]LogSavePackage: Moving 'H:/GJ/GitHub/TheValley/Saved/Barca117AE69A48F30AEFA68591B61D583F7E.tmp' to 'H:/GJ/GitHub/TheValley/Content/Assets/Barca.uasset'
[2019.01.25-22.33.52:435][897]Cmd: OBJ SAVEPACKAGE PACKAGE="/Game/Assets/ombrellone" FILE="H:/GJ/GitHub/TheValley/Content/Assets/ombrellone.uasset" SILENT=true
[2019.01.25-22.33.52:459][897]LogSavePackage: Moving 'H:/GJ/GitHub/TheValley/Saved/ombrelloneEEBE0362455F1E91AA2E3CAB1D3707C6.tmp' to 'H:/GJ/GitHub/TheValley/Content/Assets/ombrellone.uasset'
[2019.01.25-22.33.52:559][897]Cmd: OBJ SAVEPACKAGE PACKAGE="/Game/Assets/Ponticello" FILE="H:/GJ/GitHub/TheValley/Content/Assets/Ponticello.uasset" SILENT=true
[2019.01.25-22.33.52:582][897]LogSavePackage: Moving 'H:/GJ/GitHub/TheValley/Saved/Ponticello1C0CAE5D480663DAF9F731994FF5FAAE.tmp' to 'H:/GJ/GitHub/TheValley/Content/Assets/Ponticello.uasset'
[2019.01.25-22.33.52:640][897]Cmd: OBJ SAVEPACKAGE PACKAGE="/Game/Assets/Ponticello2" FILE="H:/GJ/GitHub/TheValley/Content/Assets/Ponticello2.uasset" SILENT=true
[2019.01.25-22.33.52:658][897]LogSavePackage: Moving 'H:/GJ/GitHub/TheValley/Saved/Ponticello22F29742D4FC027EB21955089FF6D0A90.tmp' to 'H:/GJ/GitHub/TheValley/Content/Assets/Ponticello2.uasset'
[2019.01.25-22.33.52:692][897]LogShaderCompilers: Display: Shaders left to compile 134
[2019.01.25-22.33.52:724][897]Cmd: OBJ SAVEPACKAGE PACKAGE="/Game/Assets/ponticello3" FILE="H:/GJ/GitHub/TheValley/Content/Assets/ponticello3.uasset" SILENT=true
[2019.01.25-22.33.52:739][897]LogSavePackage: Moving 'H:/GJ/GitHub/TheValley/Saved/ponticello363CF868842B1317610BF58A9D577748E.tmp' to 'H:/GJ/GitHub/TheValley/Content/Assets/ponticello3.uasset'
[2019.01.25-22.33.52:888][897]Cmd: OBJ SAVEPACKAGE PACKAGE="/Game/Assets/PonticelloRinghiera" FILE="H:/GJ/GitHub/TheValley/Content/Assets/PonticelloRinghiera.uasset" SILENT=true
[2019.01.25-22.33.52:905][897]LogSavePackage: Moving 'H:/GJ/GitHub/TheValley/Saved/PonticelloRinghiera20D1B653418B1750E42F8381E7175C71.tmp' to 'H:/GJ/GitHub/TheValley/Content/Assets/PonticelloRinghiera.uasset'
[2019.01.25-22.33.53:530][911]LogShaderCompilers: Display: Shaders left to compile 124
[2019.01.25-22.33.54:223][941]LogSlate: FSceneViewport::OnFocusLost() reason 0
[2019.01.25-22.33.54:431][942]LogSlate: Window 'Message Log' being destroyed
[2019.01.25-22.33.54:433][942]LogShaderCompilers: Display: Shaders left to compile 114
[2019.01.25-22.33.54:575][942]LogSlate: Window 'Message Log' being destroyed
[2019.01.25-22.33.56:959][990]LogShaderCompilers: Display: Shaders left to compile 104
[2019.01.25-22.33.56:985][990]LogSlate: FSceneViewport::OnFocusLost() reason 0
[2019.01.25-22.33.57:079][990]AssetReimport: Importing new asset /Game/Assets/Barca.
[2019.01.25-22.33.57:079][990]AssetReimport: Importing new asset /Game/Assets/ombrellone.
[2019.01.25-22.33.57:079][990]AssetReimport: Importing new asset /Game/Assets/Ponticello.
[2019.01.25-22.33.57:079][990]AssetReimport: Importing new asset /Game/Assets/Ponticello2.
[2019.01.25-22.33.57:079][990]AssetReimport: Importing new asset /Game/Assets/ponticello3.
[2019.01.25-22.33.57:079][990]AssetReimport: Importing new asset /Game/Assets/PonticelloRinghiera.
[2019.01.25-22.33.57:728][990]LogShaderCompilers: Display: Shaders left to compile 94
[2019.01.25-22.33.58:582][990]LogShaderCompilers: Display: Shaders left to compile 84
[2019.01.25-22.33.58:917][990]LogSavePackage: Moving 'H:/GJ/GitHub/TheValley/Saved/SideScrollerExampleMap9501F485412D55DC9DC9E7B559463365.tmp' to 'H:/GJ/GitHub/TheValley/Content/SideScrollerBP/Maps/SideScrollerExampleMap.umap'
[2019.01.25-22.33.58:957][990]Cmd: OBJ SAVEPACKAGE PACKAGE="/Game/SideScrollerBP/Maps/SideScrollerExampleMap_BuiltData" FILE="H:/GJ/GitHub/TheValley/Content/SideScrollerBP/Maps/SideScrollerExampleMap_BuiltData.uasset" SILENT=true
[2019.01.25-22.34.00:959][990]LogShaderCompilers: Display: Shaders left to compile 74
[2019.01.25-22.34.03:211][990]LogShaderCompilers: Display: Shaders left to compile 64
[2019.01.25-22.34.03:266][990]LogSavePackage: Moving 'H:/GJ/GitHub/TheValley/Saved/SideScrollerExampleMap_BuiltData8FA1AE0D4833FC1CA5293D80E67C86C2.tmp' to 'H:/GJ/GitHub/TheValley/Content/SideScrollerBP/Maps/SideScrollerExampleMap_BuiltData.uasset'
[2019.01.25-22.34.04:195][995]LogShaderCompilers: Display: Shaders left to compile 54
[2019.01.25-22.34.04:344][997]LogShaderCompilers: Display: Shaders left to compile 44
[2019.01.25-22.34.05:721][  5]LogShaderCompilers: Display: Shaders left to compile 34
[2019.01.25-22.34.06:589][ 13]LogShaderCompilers: Display: Shaders left to compile 24
[2019.01.25-22.34.09:553][ 28]LogShaderCompilers: Display: Shaders left to compile 14
[2019.01.25-22.34.10:850][ 34]LogShaderCompilers: Display: Shaders left to compile 4
